0 info it worked if it ends with ok
1 verbose cli [ '/usr/local/bin/node',
1 verbose cli   '/usr/local/bin/npm',
1 verbose cli   'install',
1 verbose cli   'hapi',
1 verbose cli   '-g' ]
2 info using npm@2.0.0
3 info using node@v0.11.14
4 verbose cache add [ 'hapi', null ]
5 verbose cache add spec="hapi" args=["hapi",null]
6 verbose parsed spec { raw: 'hapi',
6 verbose parsed spec   scope: null,
6 verbose parsed spec   name: 'hapi',
6 verbose parsed spec   rawSpec: '',
6 verbose parsed spec   spec: '*',
6 verbose parsed spec   type: 'range' }
7 verbose parsed spec { raw: 'hapi',
7 verbose parsed spec   scope: null,
7 verbose parsed spec   name: 'hapi',
7 verbose parsed spec   rawSpec: '',
7 verbose parsed spec   spec: '*',
7 verbose parsed spec   type: 'range' }
8 verbose addNamed [ 'hapi', '*' ]
9 verbose addNamed [ null, '*' ]
10 silly lockFile e51ba6cc-hapi hapi@*
11 verbose lock hapi@* /home/adamdiy/.npm/e51ba6cc-hapi.lock
12 silly addNameRange { name: 'hapi', range: '*', hasData: false }
13 verbose mapToRegistry name hapi
14 verbose mapToRegistry uri https://registry.npmjs.org/hapi
15 verbose request on initialization, where is /hapi
16 verbose request after pass 1, where is /hapi
17 verbose request url raw /hapi
18 verbose request resolving registry [ 'https://registry.npmjs.org/', './hapi' ]
19 verbose request after pass 2, where is https://registry.npmjs.org/hapi
20 verbose request no auth needed
21 info attempt registry request try #1 at 23:08:56
22 verbose request id ccf24a2216b1c3d8
23 verbose etag "8YUE2LHT7L6LQOJTP5INX8JF6"
24 http request GET https://registry.npmjs.org/hapi
25 http 304 https://registry.npmjs.org/hapi
26 silly registry.get cb [ 304,
26 silly registry.get   { date: 'Thu, 11 Dec 2014 23:08:58 GMT',
26 silly registry.get     server: 'Apache',
26 silly registry.get     via: '1.1 varnish',
26 silly registry.get     'last-modified': 'Thu, 11 Dec 2014 23:08:58 GMT',
26 silly registry.get     'cache-control': 'max-age=60',
26 silly registry.get     etag: '"8YUE2LHT7L6LQOJTP5INX8JF6"',
26 silly registry.get     age: '0',
26 silly registry.get     'x-served-by': 'cache-lcy1120-LCY',
26 silly registry.get     'x-cache': 'HIT',
26 silly registry.get     'x-cache-hits': '1',
26 silly registry.get     'x-timer': 'S1418339338.110537,VS0,VE612',
26 silly registry.get     vary: 'Accept',
26 silly registry.get     'content-length': '0',
26 silly registry.get     connection: 'close' } ]
27 verbose etag https://registry.npmjs.org/hapi from cache
28 silly addNameRange number 2 { name: 'hapi', range: '*', hasData: true }
29 silly addNameRange versions [ 'hapi',
29 silly addNameRange   [ '0.0.1',
29 silly addNameRange     '0.0.2',
29 silly addNameRange     '0.0.3',
29 silly addNameRange     '0.0.4',
29 silly addNameRange     '0.0.5',
29 silly addNameRange     '0.0.6',
29 silly addNameRange     '0.1.0',
29 silly addNameRange     '0.1.1',
29 silly addNameRange     '0.1.2',
29 silly addNameRange     '0.1.3',
29 silly addNameRange     '0.2.0',
29 silly addNameRange     '0.2.1',
29 silly addNameRange     '0.3.0',
29 silly addNameRange     '0.4.0',
29 silly addNameRange     '0.4.1',
29 silly addNameRange     '0.4.2',
29 silly addNameRange     '0.4.3',
29 silly addNameRange     '0.4.4',
29 silly addNameRange     '0.5.0',
29 silly addNameRange     '0.5.1',
29 silly addNameRange     '0.6.0',
29 silly addNameRange     '0.6.1',
29 silly addNameRange     '0.5.2',
29 silly addNameRange     '0.7.0',
29 silly addNameRange     '0.7.1',
29 silly addNameRange     '0.8.0',
29 silly addNameRange     '0.8.1',
29 silly addNameRange     '0.8.2',
29 silly addNameRange     '0.8.3',
29 silly addNameRange     '0.8.4',
29 silly addNameRange     '0.9.0',
29 silly addNameRange     '0.9.1',
29 silly addNameRange     '0.9.2',
29 silly addNameRange     '0.10.0',
29 silly addNameRange     '0.10.1',
29 silly addNameRange     '0.11.0',
29 silly addNameRange     '0.11.1',
29 silly addNameRange     '0.11.2',
29 silly addNameRange     '0.11.3',
29 silly addNameRange     '0.12.0',
29 silly addNameRange     '0.13.0',
29 silly addNameRange     '0.13.1',
29 silly addNameRange     '0.13.2',
29 silly addNameRange     '0.11.4',
29 silly addNameRange     '0.13.3',
29 silly addNameRange     '0.14.0',
29 silly addNameRange     '0.14.1',
29 silly addNameRange     '0.14.2',
29 silly addNameRange     '0.15.0',
29 silly addNameRange     '0.15.1',
29 silly addNameRange     '0.15.2',
29 silly addNameRange     '0.15.3',
29 silly addNameRange     '0.15.4',
29 silly addNameRange     '0.15.5',
29 silly addNameRange     '0.15.6',
29 silly addNameRange     '0.15.7',
29 silly addNameRange     '0.15.8',
29 silly addNameRange     '0.15.9',
29 silly addNameRange     '0.16.0',
29 silly addNameRange     '1.0.0',
29 silly addNameRange     '1.0.1',
29 silly addNameRange     '1.0.2',
29 silly addNameRange     '1.0.3',
29 silly addNameRange     '1.1.0',
29 silly addNameRange     '1.2.0',
29 silly addNameRange     '1.3.0',
29 silly addNameRange     '1.4.0',
29 silly addNameRange     '1.5.0',
29 silly addNameRange     '1.6.0',
29 silly addNameRange     '1.6.1',
29 silly addNameRange     '1.6.2',
29 silly addNameRange     '1.7.0',
29 silly addNameRange     '1.7.1',
29 silly addNameRange     '1.7.2',
29 silly addNameRange     '1.7.3',
29 silly addNameRange     '1.8.0',
29 silly addNameRange     '1.8.1',
29 silly addNameRange     '1.8.2',
29 silly addNameRange     '1.8.3',
29 silly addNameRange     '1.9.0',
29 silly addNameRange     '1.9.1',
29 silly addNameRange     '1.9.2',
29 silly addNameRange     '1.9.3',
29 silly addNameRange     '1.9.4',
29 silly addNameRange     '1.9.5',
29 silly addNameRange     '1.9.6',
29 silly addNameRange     '1.9.7',
29 silly addNameRange     '1.10.0',
29 silly addNameRange     '1.11.0',
29 silly addNameRange     '1.11.1',
29 silly addNameRange     '1.12.0',
29 silly addNameRange     '1.13.0',
29 silly addNameRange     '1.14.0',
29 silly addNameRange     '1.15.0',
29 silly addNameRange     '1.16.0',
29 silly addNameRange     '1.16.1',
29 silly addNameRange     '1.17.0',
29 silly addNameRange     '1.18.0',
29 silly addNameRange     '1.19.0',
29 silly addNameRange     '1.19.1',
29 silly addNameRange     '1.19.2',
29 silly addNameRange     '1.19.3',
29 silly addNameRange     '1.19.4',
29 silly addNameRange     '1.19.5',
29 silly addNameRange     '1.20.0',
29 silly addNameRange     '2.0.0-preview',
29 silly addNameRange     '0.5.1-a',
29 silly addNameRange     '0.5.1-b',
29 silly addNameRange     '0.5.1-b2',
29 silly addNameRange     '0.5.1-c',
29 silly addNameRange     '2.0.0',
29 silly addNameRange     '2.1.0',
29 silly addNameRange     '2.1.1',
29 silly addNameRange     '2.1.2',
29 silly addNameRange     '2.2.0',
29 silly addNameRange     '2.3.0',
29 silly addNameRange     '2.4.0',
29 silly addNameRange     '2.5.0',
29 silly addNameRange     '2.6.0',
29 silly addNameRange     '3.0.0',
29 silly addNameRange     '3.0.1',
29 silly addNameRange     '3.0.2',
29 silly addNameRange     '3.1.0',
29 silly addNameRange     '4.0.0',
29 silly addNameRange     '4.0.1',
29 silly addNameRange     '4.0.2',
29 silly addNameRange     '4.0.3',
29 silly addNameRange     '4.1.0',
29 silly addNameRange     '4.1.1',
29 silly addNameRange     '4.1.2',
29 silly addNameRange     '4.1.3',
29 silly addNameRange     '4.1.4',
29 silly addNameRange     '5.0.0',
29 silly addNameRange     '5.1.0',
29 silly addNameRange     '6.0.0',
29 silly addNameRange     '6.0.1',
29 silly addNameRange     '6.0.2',
29 silly addNameRange     '6.1.0',
29 silly addNameRange     '6.2.0',
29 silly addNameRange     '6.2.1',
29 silly addNameRange     '6.2.2',
29 silly addNameRange     '6.3.0',
29 silly addNameRange     '6.4.0',
29 silly addNameRange     '6.5.0',
29 silly addNameRange     '6.5.1',
29 silly addNameRange     '6.6.0',
29 silly addNameRange     '6.7.0',
29 silly addNameRange     '6.7.1',
29 silly addNameRange     '6.8.0',
29 silly addNameRange     '6.8.1',
29 silly addNameRange     '6.9.0',
29 silly addNameRange     '6.10.0',
29 silly addNameRange     '6.11.0',
29 silly addNameRange     '6.11.1',
29 silly addNameRange     '7.0.0',
29 silly addNameRange     '7.0.1',
29 silly addNameRange     '7.1.0',
29 silly addNameRange     '7.1.1',
29 silly addNameRange     '7.2.0',
29 silly addNameRange     '7.3.0',
29 silly addNameRange     '7.4.0',
29 silly addNameRange     '7.5.0',
29 silly addNameRange     '7.5.1',
29 silly addNameRange     '7.5.2',
29 silly addNameRange     '8.0.0' ] ]
30 verbose addNamed [ 'hapi', '8.0.0' ]
31 verbose addNamed [ '8.0.0', '8.0.0' ]
32 silly lockFile a012d50f-hapi-8-0-0 hapi@8.0.0
33 verbose lock hapi@8.0.0 /home/adamdiy/.npm/a012d50f-hapi-8-0-0.lock
34 silly lockFile a012d50f-hapi-8-0-0 hapi@8.0.0
35 silly lockFile a012d50f-hapi-8-0-0 hapi@8.0.0
36 silly lockFile e51ba6cc-hapi hapi@*
37 silly lockFile e51ba6cc-hapi hapi@*
38 silly resolved [ { name: 'hapi',
38 silly resolved     description: 'HTTP Server framework',
38 silly resolved     homepage: 'http://hapijs.com',
38 silly resolved     version: '8.0.0',
38 silly resolved     repository: { type: 'git', url: 'git://github.com/hapijs/hapi' },
38 silly resolved     main: 'index',
38 silly resolved     keywords: [ 'framework', 'http', 'api', 'router' ],
38 silly resolved     engines: { node: '>=0.10.32' },
38 silly resolved     dependencies:
38 silly resolved      { accept: '1.x.x',
38 silly resolved        ammo: '1.x.x',
38 silly resolved        boom: '^2.5.x',
38 silly resolved        call: '2.x.x',
38 silly resolved        catbox: '^4.2.x',
38 silly resolved        'catbox-memory': '1.x.x',
38 silly resolved        cryptiles: '2.x.x',
38 silly resolved        h2o2: '4.x.x',
38 silly resolved        heavy: '3.x.x',
38 silly resolved        hoek: '^2.10.x',
38 silly resolved        inert: '2.x.x',
38 silly resolved        iron: '2.x.x',
38 silly resolved        items: '1.x.x',
38 silly resolved        joi: '5.x.x',
38 silly resolved        kilt: '^1.1.x',
38 silly resolved        mimos: '2.x.x',
38 silly resolved        peekaboo: '1.x.x',
38 silly resolved        qs: '2.x.x',
38 silly resolved        shot: '1.x.x',
38 silly resolved        statehood: '2.x.x',
38 silly resolved        subtext: '1.x.x',
38 silly resolved        topo: '1.x.x',
38 silly resolved        vision: '2.x.x',
38 silly resolved        wreck: '5.x.x' },
38 silly resolved     devDependencies:
38 silly resolved      { bluebird: '2.x.x',
38 silly resolved        code: '1.x.x',
38 silly resolved        handlebars: '2.x.x',
38 silly resolved        lab: '5.x.x' },
38 silly resolved     scripts: { test: 'make test-cov', 'test-tap': 'make test-tap' },
38 silly resolved     licenses: [ [Object] ],
38 silly resolved     gitHead: '4432badc9bca0f009c86df9290628b0e47b078d7',
38 silly resolved     bugs: { url: 'https://github.com/hapijs/hapi/issues' },
38 silly resolved     _id: 'hapi@8.0.0',
38 silly resolved     _shasum: '55cf985dc9cea4746e87730b041357cfa594dc93',
38 silly resolved     _from: 'hapi@*',
38 silly resolved     _npmVersion: '1.4.28',
38 silly resolved     _npmUser: { name: 'hueniverse', email: 'eran@hueniverse.com' },
38 silly resolved     maintainers: [ [Object] ],
38 silly resolved     dist:
38 silly resolved      { shasum: '55cf985dc9cea4746e87730b041357cfa594dc93',
38 silly resolved        tarball: 'http://registry.npmjs.org/hapi/-/hapi-8.0.0.tgz' },
38 silly resolved     directories: {},
38 silly resolved     _resolved: 'https://registry.npmjs.org/hapi/-/hapi-8.0.0.tgz',
38 silly resolved     readme: 'ERROR: No README data found!' } ]
39 info install hapi@8.0.0 into /usr/local/lib
40 info installOne hapi@8.0.0
41 verbose lib/node_modules/hapi unbuild
42 verbose gentlyRm vacuuming /usr/local/lib/node_modules/hapi
43 verbose tar unpack /home/adamdiy/.npm/hapi/8.0.0/package.tgz
44 silly lockFile fe19d9ba--usr-local-lib-node-modules-hapi tar:///usr/local/lib/node_modules/hapi
45 verbose lock tar:///usr/local/lib/node_modules/hapi /home/adamdiy/.npm/fe19d9ba--usr-local-lib-node-modules-hapi.lock
46 silly lockFile 8cbbf681-amdiy-npm-hapi-8-0-0-package-tgz tar:///home/adamdiy/.npm/hapi/8.0.0/package.tgz
47 verbose lock tar:///home/adamdiy/.npm/hapi/8.0.0/package.tgz /home/adamdiy/.npm/8cbbf681-amdiy-npm-hapi-8-0-0-package-tgz.lock
48 verbose gentlyRm vacuuming /usr/local/lib/node_modules/hapi
49 silly gunzTarPerm modes [ '775', '664' ]
50 verbose fstream_path /usr/local/lib/node_modules/hapi
51 verbose fstream_type Directory
52 verbose fstream_class DirWriter
53 verbose stack Error: EACCES, mkdir '/usr/local/lib/node_modules/hapi'
53 verbose stack     at Error (native)
54 verbose fstream_stack /usr/local/lib/node_modules/npm/node_modules/fstream/lib/dir-writer.js:36:23
54 verbose fstream_stack /usr/local/lib/node_modules/npm/node_modules/mkdirp/index.js:46:53
54 verbose fstream_stack Object.oncomplete (fs.js:93:15)
55 verbose cwd /home/adamdiy/Downloads/WebWork/iceCreamOfTheWeekUK
56 error Linux 3.8.11
57 error argv "/usr/local/bin/node" "/usr/local/bin/npm" "install" "hapi" "-g"
58 error node v0.11.14
59 error npm  v2.0.0
60 error path /usr/local/lib/node_modules/hapi
61 error code EACCES
62 error errno -13
63 error Error: EACCES, mkdir '/usr/local/lib/node_modules/hapi'
63 error     at Error (native)
63 error  { [Error: EACCES, mkdir '/usr/local/lib/node_modules/hapi']
63 error   stack: 'Error: EACCES, mkdir \'/usr/local/lib/node_modules/hapi\'\n    at Error (native)',
63 error   errno: -13,
63 error   code: 'EACCES',
63 error   path: '/usr/local/lib/node_modules/hapi',
63 error   fstream_type: 'Directory',
63 error   fstream_path: '/usr/local/lib/node_modules/hapi',
63 error   fstream_class: 'DirWriter',
63 error   fstream_stack:
63 error    [ '/usr/local/lib/node_modules/npm/node_modules/fstream/lib/dir-writer.js:36:23',
63 error      '/usr/local/lib/node_modules/npm/node_modules/mkdirp/index.js:46:53',
63 error      'Object.oncomplete (fs.js:93:15)' ] }
64 error Please try running this command again as root/Administrator.
65 verbose exit [ -13, true ]
